#
#model:
#
#<?xml version="1.0" encoding="UTF-8" standalone="no"?><input id="posterior" spec="beast.core.util.CompoundDistribution">
#    <distribution id="prior" spec="beast.core.util.CompoundDistribution">
#        <distribution id="BirthDeath.t:pbd_twin" spec="beast.evolution.speciation.BirthDeathGernhard08Model">
#            <parameter id="BDDeathRate.t:pbd_twin" lower="0.0" name="relativeDeathRate" spec="beast.core.parameter.RealParameter" upper="1.0">0.5</parameter>
#            <parameter id="BDBirthRate.t:pbd_twin" lower="0.0" name="birthDiffRate" spec="beast.core.parameter.RealParameter" upper="10000.0">1.0</parameter>
#            <tree id="Tree.t:pbd_twin" spec="beast.evolution.tree.Tree">
#                <taxonset id="TaxonSet.pbd_twin" spec="beast.evolution.alignment.TaxonSet">
#                </taxonset>
#            </tree>
#        </distribution>
#        <prior id="BirthRatePrior.t:pbd_twin" name="distribution" x="@BDBirthRate.t:pbd_twin">
#            <Uniform id="Uniform.100" name="distr" upper="Infinity"/>
#        </prior>
#        <prior id="DeathRatePrior.t:pbd_twin" name="distribution" x="@BDDeathRate.t:pbd_twin">
#            <Uniform id="Uniform.101" name="distr" upper="Infinity"/>
#        </prior>
#        <prior id="ClockPrior.c:pbd_twin" name="distribution">
#            <parameter id="clockRate.c:pbd_twin" name="x" spec="beast.core.parameter.RealParameter">1.0</parameter>
#            <Uniform id="Uniform.150" name="distr" upper="Infinity"/>
#        </prior>
#        <distribution id="auto_name_1.prior" monophyletic="true" spec="beast.math.distributions.MRCAPrior" tree="@Tree.t:pbd_twin">
#            <taxonset id="auto_name_1" spec="beast.evolution.alignment.TaxonSet">
#                <taxon id="S2-2-20" spec="beast.evolution.alignment.Taxon"/>
#                <taxon id="S6-6-18" spec="beast.evolution.alignment.Taxon"/>
#                <taxon id="S1-1-34" spec="beast.evolution.alignment.Taxon"/>
#                <taxon id="S8-8-17" spec="beast.evolution.alignment.Taxon"/>
#                <taxon id="S7-7-39" spec="beast.evolution.alignment.Taxon"/>
#                <taxon id="S5-5-12" spec="beast.evolution.alignment.Taxon"/>
#                <taxon id="S4-4-10" spec="beast.evolution.alignment.Taxon"/>
#                <taxon id="S10-10-46" spec="beast.evolution.alignment.Taxon"/>
#                <taxon id="S9-9-45" spec="beast.evolution.alignment.Taxon"/>
#            </taxonset>
#            <Normal id="Normal.151" name="distr">
#                <parameter estimate="false" id="RealParameter.300" name="mean" spec="beast.core.parameter.RealParameter">10.0</parameter>
#                <parameter estimate="false" id="RealParameter.301" name="sigma" spec="beast.core.parameter.RealParameter">0.01</parameter>
#            </Normal>
#        </distribution>
#    </distribution>
#    <distribution id="likelihood" spec="beast.core.util.CompoundDistribution" useThreads="true">
#        <distribution data="@pbd_twin" id="treeLikelihood.pbd_twin" spec="beast.evolution.likelihood.ThreadedTreeLikelihood" tree="@Tree.t:pbd_twin">
#            <siteModel id="SiteModel.s:pbd_twin" spec="beast.evolution.sitemodel.SiteModel">
#                <parameter estimate="false" id="mutationRate.s:pbd_twin" name="mutationRate" spec="beast.core.parameter.RealParameter">1.0</parameter>
#                <parameter estimate="false" id="gammaShape.s:pbd_twin" name="shape" spec="beast.core.parameter.RealParameter">1.0</parameter>
#                <parameter estimate="false" id="proportionInvariant.s:pbd_twin" lower="0.0" name="proportionInvariant" spec="beast.core.parameter.RealParameter" upper="1.0">0.0</parameter>
#                <substModel id="JC69.s:pbd_twin" spec="beast.evolution.substitutionmodel.JukesCantor"/>
#            </siteModel>
#            <branchRateModel clock.rate="@clockRate.c:pbd_twin" id="StrictClock.c:pbd_twin" spec="beast.evolution.branchratemodel.StrictClockModel"/>
#        </distribution>
#    </distribution>
#</input>
#
Sample	posterior	likelihood	prior	treeLikelihood.pbd_twin	TreeHeight	BirthDeath	BDBirthRate	BDDeathRate	logP(mrca(auto_name_1))	mrca.age(auto_name_1)	clockRate
0	-330649.0354039636	-604.0754338645372	-330044.95997009904	-604.0754338645372	1.8754153447437165	-4.267099622589394	1.0	0.5	-330040.69287047646	1.8754153447437165	1.0
1000	-370.5778342287444	-355.1142467796209	-15.463587449123521	-355.1142467796209	10.00113462034145	-19.143382285310782	0.6247776242206404	0.33437464404179523	3.679794836187261	10.00113462034145	0.9043982364072326
2000	-367.6580755192654	-353.09574369563336	-14.562331823632066	-353.09574369563336	10.00113462034145	-18.242126659819327	0.400285922205905	0.33538379055174145	3.679794836187261	10.00113462034145	0.6234105569700519
