#
#model:
#
#<?xml version="1.0" encoding="UTF-8" standalone="no"?><input id="posterior" spec="beast.core.util.CompoundDistribution">
#    <distribution id="prior" spec="beast.core.util.CompoundDistribution">
#        <distribution id="BirthDeath.t:pbd" spec="beast.evolution.speciation.BirthDeathGernhard08Model">
#            <parameter id="BDDeathRate.t:pbd" lower="0.0" name="relativeDeathRate" spec="beast.core.parameter.RealParameter" upper="1.0">0.5</parameter>
#            <parameter id="BDBirthRate.t:pbd" lower="0.0" name="birthDiffRate" spec="beast.core.parameter.RealParameter" upper="10000.0">1.0</parameter>
#            <tree id="Tree.t:pbd" spec="beast.evolution.tree.Tree">
#                <taxonset id="TaxonSet.pbd" spec="beast.evolution.alignment.TaxonSet">
#                </taxonset>
#            </tree>
#        </distribution>
#        <prior id="BirthRatePrior.t:pbd" name="distribution" x="@BDBirthRate.t:pbd">
#            <Uniform id="Uniform.100" name="distr" upper="Infinity"/>
#        </prior>
#        <prior id="DeathRatePrior.t:pbd" name="distribution" x="@BDDeathRate.t:pbd">
#            <Uniform id="Uniform.101" name="distr" upper="Infinity"/>
#        </prior>
#        <prior id="ClockPrior.c:pbd" name="distribution">
#            <parameter id="clockRate.c:pbd" name="x" spec="beast.core.parameter.RealParameter">1.0</parameter>
#            <Uniform id="Uniform.150" name="distr" upper="Infinity"/>
#        </prior>
#        <distribution id="auto_name_1.prior" monophyletic="true" spec="beast.math.distributions.MRCAPrior" tree="@Tree.t:pbd">
#            <taxonset id="auto_name_1" spec="beast.evolution.alignment.TaxonSet">
#                <taxon id="S2-2-3" spec="beast.evolution.alignment.Taxon"/>
#                <taxon id="S33-33-44" spec="beast.evolution.alignment.Taxon"/>
#                <taxon id="S11-11-15" spec="beast.evolution.alignment.Taxon"/>
#                <taxon id="S27-27-32" spec="beast.evolution.alignment.Taxon"/>
#                <taxon id="S34-34-40" spec="beast.evolution.alignment.Taxon"/>
#                <taxon id="S36-36-43" spec="beast.evolution.alignment.Taxon"/>
#                <taxon id="S21-21-49" spec="beast.evolution.alignment.Taxon"/>
#                <taxon id="S9-9-39" spec="beast.evolution.alignment.Taxon"/>
#                <taxon id="S37-37-46" spec="beast.evolution.alignment.Taxon"/>
#                <taxon id="S22-22-23" spec="beast.evolution.alignment.Taxon"/>
#                <taxon id="S19-19-24" spec="beast.evolution.alignment.Taxon"/>
#                <taxon id="S32-32-41" spec="beast.evolution.alignment.Taxon"/>
#                <taxon id="S29-29-35" spec="beast.evolution.alignment.Taxon"/>
#                <taxon id="S7-7-10" spec="beast.evolution.alignment.Taxon"/>
#                <taxon id="S5-5-7" spec="beast.evolution.alignment.Taxon"/>
#                <taxon id="S4-4-6" spec="beast.evolution.alignment.Taxon"/>
#                <taxon id="S14-14-16" spec="beast.evolution.alignment.Taxon"/>
#                <taxon id="S24-24-28" spec="beast.evolution.alignment.Taxon"/>
#                <taxon id="S35-35-31" spec="beast.evolution.alignment.Taxon"/>
#                <taxon id="S6-6-8" spec="beast.evolution.alignment.Taxon"/>
#                <taxon id="S31-31-45" spec="beast.evolution.alignment.Taxon"/>
#                <taxon id="S25-25-30" spec="beast.evolution.alignment.Taxon"/>
#                <taxon id="S18-18-50" spec="beast.evolution.alignment.Taxon"/>
#                <taxon id="S30-30-42" spec="beast.evolution.alignment.Taxon"/>
#                <taxon id="S16-16-18" spec="beast.evolution.alignment.Taxon"/>
#                <taxon id="S26-26-51" spec="beast.evolution.alignment.Taxon"/>
#                <taxon id="S17-17-19" spec="beast.evolution.alignment.Taxon"/>
#                <taxon id="S15-15-20" spec="beast.evolution.alignment.Taxon"/>
#                <taxon id="S12-12-17" spec="beast.evolution.alignment.Taxon"/>
#            </taxonset>
#            <Normal id="Normal.151" name="distr">
#                <parameter estimate="false" id="RealParameter.300" name="mean" spec="beast.core.parameter.RealParameter">10.0</parameter>
#                <parameter estimate="false" id="RealParameter.301" name="sigma" spec="beast.core.parameter.RealParameter">0.01</parameter>
#            </Normal>
#        </distribution>
#    </distribution>
#    <distribution id="likelihood" spec="beast.core.util.CompoundDistribution" useThreads="true">
#        <distribution data="@pbd" id="treeLikelihood.pbd" spec="beast.evolution.likelihood.ThreadedTreeLikelihood" tree="@Tree.t:pbd">
#            <siteModel id="SiteModel.s:pbd" spec="beast.evolution.sitemodel.SiteModel">
#                <parameter estimate="false" id="mutationRate.s:pbd" name="mutationRate" spec="beast.core.parameter.RealParameter">1.0</parameter>
#                <parameter estimate="false" id="gammaShape.s:pbd" name="shape" spec="beast.core.parameter.RealParameter">1.0</parameter>
#                <parameter estimate="false" id="proportionInvariant.s:pbd" lower="0.0" name="proportionInvariant" spec="beast.core.parameter.RealParameter" upper="1.0">0.0</parameter>
#                <substModel id="JC69.s:pbd" spec="beast.evolution.substitutionmodel.JukesCantor"/>
#            </siteModel>
#            <branchRateModel clock.rate="@clockRate.c:pbd" id="StrictClock.c:pbd" spec="beast.evolution.branchratemodel.StrictClockModel"/>
#        </distribution>
#    </distribution>
#</input>
#
Sample	posterior	likelihood	prior	treeLikelihood.pbd	TreeHeight	BirthDeath	BDBirthRate	BDDeathRate	logP(mrca(auto_name_1))	mrca.age(auto_name_1)	clockRate
0	-257128.21321824356	-2118.844998959882	-255009.36821928367	-2118.844998959882	2.8584268565425037	-2.719634169575893	1.0	0.5	-255006.6485851141	2.8584268565425037	1.0
1000	-1272.813600867286	-1185.5309425450778	-87.28265832220804	-1185.5309425450778	9.886383033483293	-26.424814572698804	0.5114154390865323	0.7554921214672843	-60.85784374950923	9.886383033483293	2.029029278316683
2000	-1157.71007656951	-1116.5686221243682	-41.141454445141804	-1116.5686221243682	9.945093754533064	-29.754207141547823	0.36366566920597965	0.8698812375971637	-11.38724730359398	9.945093754533064	1.4340627148057503
