#
#model:
#
#<?xml version="1.0" encoding="UTF-8" standalone="no"?><input id="posterior" spec="beast.core.util.CompoundDistribution">
#    <distribution id="prior" spec="beast.core.util.CompoundDistribution">
#        <distribution id="YuleModel.t:pbd_twin" spec="beast.evolution.speciation.YuleModel">
#            <parameter id="birthRate.t:pbd_twin" name="birthDiffRate" spec="beast.core.parameter.RealParameter">1.0</parameter>
#            <tree id="Tree.t:pbd_twin" spec="beast.evolution.tree.Tree">
#                <taxonset id="TaxonSet.pbd_twin" spec="beast.evolution.alignment.TaxonSet">
#                </taxonset>
#            </tree>
#        </distribution>
#        <prior id="YuleBirthRatePrior.t:pbd_twin" name="distribution" x="@birthRate.t:pbd_twin">
#            <Uniform id="Uniform.100" name="distr" upper="Infinity"/>
#        </prior>
#        <prior id="ClockPrior.c:pbd_twin" name="distribution">
#            <parameter id="clockRate.c:pbd_twin" name="x" spec="beast.core.parameter.RealParameter">1.0</parameter>
#            <Uniform id="Uniform.150" name="distr" upper="Infinity"/>
#        </prior>
#        <distribution id="auto_name_1.prior" monophyletic="true" spec="beast.math.distributions.MRCAPrior" tree="@Tree.t:pbd_twin">
#            <taxonset id="auto_name_1" spec="beast.evolution.alignment.TaxonSet">
#                <taxon id="S1-1-1" spec="beast.evolution.alignment.Taxon"/>
#                <taxon id="S5-5-5" spec="beast.evolution.alignment.Taxon"/>
#                <taxon id="S10-10-10" spec="beast.evolution.alignment.Taxon"/>
#                <taxon id="S9-9-9" spec="beast.evolution.alignment.Taxon"/>
#                <taxon id="S8-8-8" spec="beast.evolution.alignment.Taxon"/>
#                <taxon id="S12-12-12" spec="beast.evolution.alignment.Taxon"/>
#            </taxonset>
#            <Normal id="Normal.151" name="distr">
#                <parameter estimate="false" id="RealParameter.300" name="mean" spec="beast.core.parameter.RealParameter">10.0</parameter>
#                <parameter estimate="false" id="RealParameter.301" name="sigma" spec="beast.core.parameter.RealParameter">0.01</parameter>
#            </Normal>
#        </distribution>
#    </distribution>
#    <distribution id="likelihood" spec="beast.core.util.CompoundDistribution" useThreads="true">
#        <distribution data="@pbd_twin" id="treeLikelihood.pbd_twin" spec="beast.evolution.likelihood.ThreadedTreeLikelihood" tree="@Tree.t:pbd_twin">
#            <siteModel id="SiteModel.s:pbd_twin" spec="beast.evolution.sitemodel.SiteModel">
#                <parameter estimate="false" id="mutationRate.s:pbd_twin" name="mutationRate" spec="beast.core.parameter.RealParameter">1.0</parameter>
#                <parameter estimate="false" id="gammaShape.s:pbd_twin" name="shape" spec="beast.core.parameter.RealParameter">1.0</parameter>
#                <parameter estimate="false" id="proportionInvariant.s:pbd_twin" lower="0.0" name="proportionInvariant" spec="beast.core.parameter.RealParameter" upper="1.0">0.0</parameter>
#                <substModel id="JC69.s:pbd_twin" spec="beast.evolution.substitutionmodel.JukesCantor"/>
#            </siteModel>
#            <branchRateModel clock.rate="@clockRate.c:pbd_twin" id="StrictClock.c:pbd_twin" spec="beast.evolution.branchratemodel.StrictClockModel"/>
#        </distribution>
#    </distribution>
#</input>
#
Sample	posterior	likelihood	prior	treeLikelihood.pbd_twin	TreeHeight	YuleModel	birthRate	logP(mrca(auto_name_1))	mrca.age(auto_name_1)	clockRate
0	-389568.35072112794	-260.95854484167745	-389307.39217628626	-260.95854484167745	1.176096506439598	-4.714089601796136	1.0	-389302.67808668443	1.176096506439598	1.0
1000	-247.86100845365817	-236.5651641251917	-11.29584432846648	-236.5651641251917	10.005697225373673	-14.819784096457774	0.17323435379499588	3.5239397679912945	10.005697225373673	0.21258908486977846
2000	-244.33335020668247	-233.33096112288132	-11.002389083801152	-233.33096112288132	10.005697225373673	-14.526328851792446	0.13007214094887537	3.5239397679912945	10.005697225373673	0.16121170761046638
