#
#model:
#
#<?xml version="1.0" encoding="UTF-8" standalone="no"?><input id="posterior" spec="beast.core.util.CompoundDistribution">
#    <distribution id="prior" spec="beast.core.util.CompoundDistribution">
#        <distribution id="BirthDeath.t:pbd" spec="beast.evolution.speciation.BirthDeathGernhard08Model">
#            <parameter id="BDDeathRate.t:pbd" lower="0.0" name="relativeDeathRate" spec="beast.core.parameter.RealParameter" upper="1.0">0.5</parameter>
#            <parameter id="BDBirthRate.t:pbd" lower="0.0" name="birthDiffRate" spec="beast.core.parameter.RealParameter" upper="10000.0">1.0</parameter>
#            <tree id="Tree.t:pbd" spec="beast.evolution.tree.Tree">
#                <taxonset id="TaxonSet.pbd" spec="beast.evolution.alignment.TaxonSet">
#                </taxonset>
#            </tree>
#        </distribution>
#        <prior id="BirthRatePrior.t:pbd" name="distribution" x="@BDBirthRate.t:pbd">
#            <Uniform id="Uniform.100" name="distr" upper="Infinity"/>
#        </prior>
#        <prior id="DeathRatePrior.t:pbd" name="distribution" x="@BDDeathRate.t:pbd">
#            <Uniform id="Uniform.101" name="distr" upper="Infinity"/>
#        </prior>
#        <prior id="ClockPrior.c:pbd" name="distribution">
#            <parameter id="clockRate.c:pbd" name="x" spec="beast.core.parameter.RealParameter">1.0</parameter>
#            <Uniform id="Uniform.150" name="distr" upper="Infinity"/>
#        </prior>
#        <distribution id="auto_name_1.prior" monophyletic="true" spec="beast.math.distributions.MRCAPrior" tree="@Tree.t:pbd">
#            <taxonset id="auto_name_1" spec="beast.evolution.alignment.TaxonSet">
#                <taxon id="S13-13-18" spec="beast.evolution.alignment.Taxon"/>
#                <taxon id="S15-15-16" spec="beast.evolution.alignment.Taxon"/>
#                <taxon id="S11-11-11" spec="beast.evolution.alignment.Taxon"/>
#                <taxon id="S5-5-6" spec="beast.evolution.alignment.Taxon"/>
#                <taxon id="S4-4-5" spec="beast.evolution.alignment.Taxon"/>
#                <taxon id="S10-10-13" spec="beast.evolution.alignment.Taxon"/>
#                <taxon id="S14-14-14" spec="beast.evolution.alignment.Taxon"/>
#                <taxon id="S7-7-7" spec="beast.evolution.alignment.Taxon"/>
#                <taxon id="S9-9-12" spec="beast.evolution.alignment.Taxon"/>
#                <taxon id="S12-12-10" spec="beast.evolution.alignment.Taxon"/>
#                <taxon id="S17-17-19" spec="beast.evolution.alignment.Taxon"/>
#                <taxon id="S18-18-21" spec="beast.evolution.alignment.Taxon"/>
#                <taxon id="S19-19-23" spec="beast.evolution.alignment.Taxon"/>
#            </taxonset>
#            <Normal id="Normal.151" name="distr">
#                <parameter estimate="false" id="RealParameter.300" name="mean" spec="beast.core.parameter.RealParameter">10.0</parameter>
#                <parameter estimate="false" id="RealParameter.301" name="sigma" spec="beast.core.parameter.RealParameter">0.01</parameter>
#            </Normal>
#        </distribution>
#    </distribution>
#    <distribution id="likelihood" spec="beast.core.util.CompoundDistribution" useThreads="true">
#        <distribution data="@pbd" id="treeLikelihood.pbd" spec="beast.evolution.likelihood.ThreadedTreeLikelihood" tree="@Tree.t:pbd">
#            <siteModel id="SiteModel.s:pbd" spec="beast.evolution.sitemodel.SiteModel">
#                <parameter estimate="false" id="mutationRate.s:pbd" name="mutationRate" spec="beast.core.parameter.RealParameter">1.0</parameter>
#                <parameter estimate="false" id="gammaShape.s:pbd" name="shape" spec="beast.core.parameter.RealParameter">1.0</parameter>
#                <parameter estimate="false" id="proportionInvariant.s:pbd" lower="0.0" name="proportionInvariant" spec="beast.core.parameter.RealParameter" upper="1.0">0.0</parameter>
#                <substModel id="JC69.s:pbd" spec="beast.evolution.substitutionmodel.JukesCantor"/>
#            </siteModel>
#            <branchRateModel clock.rate="@clockRate.c:pbd" id="StrictClock.c:pbd" spec="beast.evolution.branchratemodel.StrictClockModel"/>
#        </distribution>
#    </distribution>
#</input>
#
Sample	posterior	likelihood	prior	treeLikelihood.pbd	TreeHeight	BirthDeath	BDBirthRate	BDDeathRate	logP(mrca(auto_name_1))	mrca.age(auto_name_1)	clockRate
0	-436354.3204160721	-843.7669312315851	-435510.5534848405	-843.7669312315851	0.6670974399575722	1.11125973915352	1.0	0.5	-435511.66474457964	0.6670974399575722	1.0
1000	-545.1337120344846	-506.598114580384	-38.53559745410057	-506.598114580384	9.94462415280438	-26.889406843720685	0.3620033361780456	0.3197164724892342	-11.646190610379886	9.94462415280438	0.49139031645822273
2000	-523.8854669597926	-499.605394419819	-24.28007253997351	-499.605394419819	9.99314153242738	-27.731111305533528	0.20966498651064253	0.5159278531179269	3.4510387655600194	9.99314153242738	0.3261522569466282
