#
#model:
#
#<?xml version="1.0" encoding="UTF-8" standalone="no"?><input id="posterior" spec="beast.core.util.CompoundDistribution">
#    <distribution id="prior" spec="beast.core.util.CompoundDistribution">
#        <distribution id="BirthDeath.t:pbd_twin" spec="beast.evolution.speciation.BirthDeathGernhard08Model">
#            <parameter id="BDDeathRate.t:pbd_twin" lower="0.0" name="relativeDeathRate" spec="beast.core.parameter.RealParameter" upper="1.0">0.5</parameter>
#            <parameter id="BDBirthRate.t:pbd_twin" lower="0.0" name="birthDiffRate" spec="beast.core.parameter.RealParameter" upper="10000.0">1.0</parameter>
#            <tree id="Tree.t:pbd_twin" spec="beast.evolution.tree.Tree">
#                <taxonset id="TaxonSet.pbd_twin" spec="beast.evolution.alignment.TaxonSet">
#                </taxonset>
#            </tree>
#        </distribution>
#        <prior id="BirthRatePrior.t:pbd_twin" name="distribution" x="@BDBirthRate.t:pbd_twin">
#            <Uniform id="Uniform.100" name="distr" upper="Infinity"/>
#        </prior>
#        <prior id="DeathRatePrior.t:pbd_twin" name="distribution" x="@BDDeathRate.t:pbd_twin">
#            <Uniform id="Uniform.101" name="distr" upper="Infinity"/>
#        </prior>
#        <prior id="ClockPrior.c:pbd_twin" name="distribution">
#            <parameter id="clockRate.c:pbd_twin" name="x" spec="beast.core.parameter.RealParameter">1.0</parameter>
#            <Uniform id="Uniform.150" name="distr" upper="Infinity"/>
#        </prior>
#        <distribution id="auto_name_1.prior" monophyletic="true" spec="beast.math.distributions.MRCAPrior" tree="@Tree.t:pbd_twin">
#            <taxonset id="auto_name_1" spec="beast.evolution.alignment.TaxonSet">
#                <taxon id="S13-13-18" spec="beast.evolution.alignment.Taxon"/>
#                <taxon id="S15-15-16" spec="beast.evolution.alignment.Taxon"/>
#                <taxon id="S11-11-11" spec="beast.evolution.alignment.Taxon"/>
#                <taxon id="S5-5-6" spec="beast.evolution.alignment.Taxon"/>
#                <taxon id="S4-4-5" spec="beast.evolution.alignment.Taxon"/>
#                <taxon id="S10-10-13" spec="beast.evolution.alignment.Taxon"/>
#                <taxon id="S14-14-14" spec="beast.evolution.alignment.Taxon"/>
#                <taxon id="S7-7-7" spec="beast.evolution.alignment.Taxon"/>
#                <taxon id="S9-9-12" spec="beast.evolution.alignment.Taxon"/>
#                <taxon id="S12-12-10" spec="beast.evolution.alignment.Taxon"/>
#                <taxon id="S17-17-19" spec="beast.evolution.alignment.Taxon"/>
#                <taxon id="S18-18-21" spec="beast.evolution.alignment.Taxon"/>
#                <taxon id="S19-19-23" spec="beast.evolution.alignment.Taxon"/>
#            </taxonset>
#            <Normal id="Normal.151" name="distr">
#                <parameter estimate="false" id="RealParameter.300" name="mean" spec="beast.core.parameter.RealParameter">10.0</parameter>
#                <parameter estimate="false" id="RealParameter.301" name="sigma" spec="beast.core.parameter.RealParameter">0.01</parameter>
#            </Normal>
#        </distribution>
#    </distribution>
#    <distribution id="likelihood" spec="beast.core.util.CompoundDistribution" useThreads="true">
#        <distribution data="@pbd_twin" id="treeLikelihood.pbd_twin" spec="beast.evolution.likelihood.ThreadedTreeLikelihood" tree="@Tree.t:pbd_twin">
#            <siteModel id="SiteModel.s:pbd_twin" spec="beast.evolution.sitemodel.SiteModel">
#                <parameter estimate="false" id="mutationRate.s:pbd_twin" name="mutationRate" spec="beast.core.parameter.RealParameter">1.0</parameter>
#                <parameter estimate="false" id="gammaShape.s:pbd_twin" name="shape" spec="beast.core.parameter.RealParameter">1.0</parameter>
#                <parameter estimate="false" id="proportionInvariant.s:pbd_twin" lower="0.0" name="proportionInvariant" spec="beast.core.parameter.RealParameter" upper="1.0">0.0</parameter>
#                <substModel id="JC69.s:pbd_twin" spec="beast.evolution.substitutionmodel.JukesCantor"/>
#            </siteModel>
#            <branchRateModel clock.rate="@clockRate.c:pbd_twin" id="StrictClock.c:pbd_twin" spec="beast.evolution.branchratemodel.StrictClockModel"/>
#        </distribution>
#    </distribution>
#</input>
#
Sample	posterior	likelihood	prior	treeLikelihood.pbd_twin	TreeHeight	BirthDeath	BDBirthRate	BDDeathRate	logP(mrca(auto_name_1))	mrca.age(auto_name_1)	clockRate
0	-251358.72055035768	-743.4111886316339	-250615.30936172605	-743.4111886316339	2.9202559295867028	-5.115080617613944	1.0	0.5	-250610.19428110844	2.9202559295867028	1.0
1000	-499.6710527417113	-477.45819027363433	-22.212862468077013	-477.45819027363433	10.003185448090946	-25.848358723159876	0.22966536783639036	0.2712999406463773	3.6354962550828644	10.003185448090946	0.37574422800653073
2000	-499.139276760572	-478.34962651105724	-20.789650249514736	-478.34962651105724	10.010836025143357	-23.888784697760826	0.2548188417444105	0.3997725708195497	3.099134448246091	10.010836025143357	0.3091618500231981
