#
#model:
#
#<?xml version="1.0" encoding="UTF-8" standalone="no"?><input id="posterior" spec="beast.core.util.CompoundDistribution">
#    <distribution id="prior" spec="beast.core.util.CompoundDistribution">
#        <distribution id="YuleModel.t:pbd" spec="beast.evolution.speciation.YuleModel">
#            <parameter id="birthRate.t:pbd" name="birthDiffRate" spec="beast.core.parameter.RealParameter">1.0</parameter>
#            <tree id="Tree.t:pbd" spec="beast.evolution.tree.Tree">
#                <taxonset id="TaxonSet.pbd" spec="beast.evolution.alignment.TaxonSet">
#                </taxonset>
#            </tree>
#        </distribution>
#        <prior id="YuleBirthRatePrior.t:pbd" name="distribution" x="@birthRate.t:pbd">
#            <Uniform id="Uniform.100" name="distr" upper="Infinity"/>
#        </prior>
#        <prior id="ClockPrior.c:pbd" name="distribution">
#            <parameter id="clockRate.c:pbd" name="x" spec="beast.core.parameter.RealParameter">1.0</parameter>
#            <Uniform id="Uniform.150" name="distr" upper="Infinity"/>
#        </prior>
#        <distribution id="auto_name_1.prior" monophyletic="true" spec="beast.math.distributions.MRCAPrior" tree="@Tree.t:pbd">
#            <taxonset id="auto_name_1" spec="beast.evolution.alignment.TaxonSet">
#                <taxon id="S99-99-121" spec="beast.evolution.alignment.Taxon"/>
#                <taxon id="S1-1-49" spec="beast.evolution.alignment.Taxon"/>
#                <taxon id="S8-8-7" spec="beast.evolution.alignment.Taxon"/>
#                <taxon id="S51-51-68" spec="beast.evolution.alignment.Taxon"/>
#                <taxon id="S62-62-69" spec="beast.evolution.alignment.Taxon"/>
#                <taxon id="S33-33-38" spec="beast.evolution.alignment.Taxon"/>
#                <taxon id="S81-81-54" spec="beast.evolution.alignment.Taxon"/>
#                <taxon id="S15-15-158" spec="beast.evolution.alignment.Taxon"/>
#                <taxon id="S59-59-85" spec="beast.evolution.alignment.Taxon"/>
#                <taxon id="S30-30-82" spec="beast.evolution.alignment.Taxon"/>
#                <taxon id="S31-31-35" spec="beast.evolution.alignment.Taxon"/>
#                <taxon id="S52-52-57" spec="beast.evolution.alignment.Taxon"/>
#                <taxon id="S17-17-105" spec="beast.evolution.alignment.Taxon"/>
#                <taxon id="S9-9-144" spec="beast.evolution.alignment.Taxon"/>
#                <taxon id="S64-64-61" spec="beast.evolution.alignment.Taxon"/>
#                <taxon id="S87-87-73" spec="beast.evolution.alignment.Taxon"/>
#                <taxon id="S79-79-96" spec="beast.evolution.alignment.Taxon"/>
#                <taxon id="S2-2-141" spec="beast.evolution.alignment.Taxon"/>
#                <taxon id="S73-73-83" spec="beast.evolution.alignment.Taxon"/>
#                <taxon id="S108-108-123" spec="beast.evolution.alignment.Taxon"/>
#                <taxon id="S107-107-74" spec="beast.evolution.alignment.Taxon"/>
#                <taxon id="S77-77-97" spec="beast.evolution.alignment.Taxon"/>
#                <taxon id="S11-11-90" spec="beast.evolution.alignment.Taxon"/>
#                <taxon id="S7-7-12" spec="beast.evolution.alignment.Taxon"/>
#                <taxon id="S6-6-8" spec="beast.evolution.alignment.Taxon"/>
#                <taxon id="S3-3-128" spec="beast.evolution.alignment.Taxon"/>
#                <taxon id="S14-14-15" spec="beast.evolution.alignment.Taxon"/>
#                <taxon id="S68-68-80" spec="beast.evolution.alignment.Taxon"/>
#                <taxon id="S98-98-94" spec="beast.evolution.alignment.Taxon"/>
#                <taxon id="S100-100-122" spec="beast.evolution.alignment.Taxon"/>
#                <taxon id="S58-58-70" spec="beast.evolution.alignment.Taxon"/>
#                <taxon id="S90-90-113" spec="beast.evolution.alignment.Taxon"/>
#                <taxon id="S54-54-43" spec="beast.evolution.alignment.Taxon"/>
#                <taxon id="S103-103-59" spec="beast.evolution.alignment.Taxon"/>
#                <taxon id="S35-35-41" spec="beast.evolution.alignment.Taxon"/>
#                <taxon id="S16-16-20" spec="beast.evolution.alignment.Taxon"/>
#                <taxon id="S49-49-50" spec="beast.evolution.alignment.Taxon"/>
#                <taxon id="S24-24-19" spec="beast.evolution.alignment.Taxon"/>
#                <taxon id="S70-70-26" spec="beast.evolution.alignment.Taxon"/>
#                <taxon id="S82-82-104" spec="beast.evolution.alignment.Taxon"/>
#                <taxon id="S71-71-42" spec="beast.evolution.alignment.Taxon"/>
#                <taxon id="S93-93-115" spec="beast.evolution.alignment.Taxon"/>
#                <taxon id="S40-40-47" spec="beast.evolution.alignment.Taxon"/>
#                <taxon id="S18-18-18" spec="beast.evolution.alignment.Taxon"/>
#                <taxon id="S53-53-93" spec="beast.evolution.alignment.Taxon"/>
#                <taxon id="S12-12-9" spec="beast.evolution.alignment.Taxon"/>
#                <taxon id="S101-101-129" spec="beast.evolution.alignment.Taxon"/>
#                <taxon id="S25-25-107" spec="beast.evolution.alignment.Taxon"/>
#                <taxon id="S4-4-4" spec="beast.evolution.alignment.Taxon"/>
#                <taxon id="S48-48-52" spec="beast.evolution.alignment.Taxon"/>
#                <taxon id="S44-44-39" spec="beast.evolution.alignment.Taxon"/>
#                <taxon id="S89-89-127" spec="beast.evolution.alignment.Taxon"/>
#                <taxon id="S28-28-23" spec="beast.evolution.alignment.Taxon"/>
#                <taxon id="S88-88-155" spec="beast.evolution.alignment.Taxon"/>
#                <taxon id="S39-39-21" spec="beast.evolution.alignment.Taxon"/>
#                <taxon id="S63-63-77" spec="beast.evolution.alignment.Taxon"/>
#                <taxon id="S20-20-14" spec="beast.evolution.alignment.Taxon"/>
#                <taxon id="S22-22-29" spec="beast.evolution.alignment.Taxon"/>
#                <taxon id="S27-27-24" spec="beast.evolution.alignment.Taxon"/>
#                <taxon id="S37-37-44" spec="beast.evolution.alignment.Taxon"/>
#                <taxon id="S23-23-27" spec="beast.evolution.alignment.Taxon"/>
#                <taxon id="S47-47-48" spec="beast.evolution.alignment.Taxon"/>
#                <taxon id="S80-80-88" spec="beast.evolution.alignment.Taxon"/>
#                <taxon id="S95-95-79" spec="beast.evolution.alignment.Taxon"/>
#                <taxon id="S85-85-111" spec="beast.evolution.alignment.Taxon"/>
#                <taxon id="S42-42-56" spec="beast.evolution.alignment.Taxon"/>
#                <taxon id="S50-50-31" spec="beast.evolution.alignment.Taxon"/>
#                <taxon id="S29-29-33" spec="beast.evolution.alignment.Taxon"/>
#                <taxon id="S83-83-112" spec="beast.evolution.alignment.Taxon"/>
#                <taxon id="S94-94-117" spec="beast.evolution.alignment.Taxon"/>
#                <taxon id="S34-34-150" spec="beast.evolution.alignment.Taxon"/>
#                <taxon id="S46-46-66" spec="beast.evolution.alignment.Taxon"/>
#                <taxon id="S109-109-63" spec="beast.evolution.alignment.Taxon"/>
#                <taxon id="S41-41-157" spec="beast.evolution.alignment.Taxon"/>
#                <taxon id="S74-74-92" spec="beast.evolution.alignment.Taxon"/>
#                <taxon id="S55-55-46" spec="beast.evolution.alignment.Taxon"/>
#                <taxon id="S19-19-55" spec="beast.evolution.alignment.Taxon"/>
#                <taxon id="S10-10-10" spec="beast.evolution.alignment.Taxon"/>
#                <taxon id="S69-69-91" spec="beast.evolution.alignment.Taxon"/>
#                <taxon id="S110-110-126" spec="beast.evolution.alignment.Taxon"/>
#                <taxon id="S61-61-86" spec="beast.evolution.alignment.Taxon"/>
#                <taxon id="S104-104-87" spec="beast.evolution.alignment.Taxon"/>
#                <taxon id="S5-5-124" spec="beast.evolution.alignment.Taxon"/>
#                <taxon id="S105-105-130" spec="beast.evolution.alignment.Taxon"/>
#                <taxon id="S84-84-72" spec="beast.evolution.alignment.Taxon"/>
#                <taxon id="S38-38-53" spec="beast.evolution.alignment.Taxon"/>
#                <taxon id="S60-60-60" spec="beast.evolution.alignment.Taxon"/>
#                <taxon id="S76-76-64" spec="beast.evolution.alignment.Taxon"/>
#                <taxon id="S102-102-89" spec="beast.evolution.alignment.Taxon"/>
#                <taxon id="S97-97-151" spec="beast.evolution.alignment.Taxon"/>
#                <taxon id="S32-32-40" spec="beast.evolution.alignment.Taxon"/>
#                <taxon id="S91-91-132" spec="beast.evolution.alignment.Taxon"/>
#                <taxon id="S13-13-109" spec="beast.evolution.alignment.Taxon"/>
#                <taxon id="S96-96-125" spec="beast.evolution.alignment.Taxon"/>
#                <taxon id="S75-75-118" spec="beast.evolution.alignment.Taxon"/>
#                <taxon id="S26-26-32" spec="beast.evolution.alignment.Taxon"/>
#                <taxon id="S57-57-75" spec="beast.evolution.alignment.Taxon"/>
#                <taxon id="S21-21-17" spec="beast.evolution.alignment.Taxon"/>
#                <taxon id="S43-43-58" spec="beast.evolution.alignment.Taxon"/>
#                <taxon id="S92-92-114" spec="beast.evolution.alignment.Taxon"/>
#                <taxon id="S66-66-147" spec="beast.evolution.alignment.Taxon"/>
#                <taxon id="S36-36-30" spec="beast.evolution.alignment.Taxon"/>
#                <taxon id="S106-106-143" spec="beast.evolution.alignment.Taxon"/>
#                <taxon id="S72-72-99" spec="beast.evolution.alignment.Taxon"/>
#                <taxon id="S65-65-84" spec="beast.evolution.alignment.Taxon"/>
#                <taxon id="S86-86-103" spec="beast.evolution.alignment.Taxon"/>
#                <taxon id="S67-67-149" spec="beast.evolution.alignment.Taxon"/>
#                <taxon id="S45-45-62" spec="beast.evolution.alignment.Taxon"/>
#                <taxon id="S78-78-116" spec="beast.evolution.alignment.Taxon"/>
#                <taxon id="S56-56-51" spec="beast.evolution.alignment.Taxon"/>
#                <taxon id="S111-111-163" spec="beast.evolution.alignment.Taxon"/>
#                <taxon id="S138-138-197" spec="beast.evolution.alignment.Taxon"/>
#                <taxon id="S150-150-189" spec="beast.evolution.alignment.Taxon"/>
#                <taxon id="S136-136-200" spec="beast.evolution.alignment.Taxon"/>
#                <taxon id="S144-144-203" spec="beast.evolution.alignment.Taxon"/>
#                <taxon id="S142-142-199" spec="beast.evolution.alignment.Taxon"/>
#                <taxon id="S113-113-165" spec="beast.evolution.alignment.Taxon"/>
#                <taxon id="S129-129-181" spec="beast.evolution.alignment.Taxon"/>
#                <taxon id="S140-140-202" spec="beast.evolution.alignment.Taxon"/>
#                <taxon id="S127-127-184" spec="beast.evolution.alignment.Taxon"/>
#                <taxon id="S133-133-194" spec="beast.evolution.alignment.Taxon"/>
#                <taxon id="S120-120-174" spec="beast.evolution.alignment.Taxon"/>
#                <taxon id="S112-112-164" spec="beast.evolution.alignment.Taxon"/>
#                <taxon id="S145-145-188" spec="beast.evolution.alignment.Taxon"/>
#                <taxon id="S135-135-182" spec="beast.evolution.alignment.Taxon"/>
#                <taxon id="S139-139-179" spec="beast.evolution.alignment.Taxon"/>
#                <taxon id="S155-155-196" spec="beast.evolution.alignment.Taxon"/>
#                <taxon id="S154-154-207" spec="beast.evolution.alignment.Taxon"/>
#                <taxon id="S151-151-218" spec="beast.evolution.alignment.Taxon"/>
#                <taxon id="S149-149-209" spec="beast.evolution.alignment.Taxon"/>
#                <taxon id="S124-124-175" spec="beast.evolution.alignment.Taxon"/>
#                <taxon id="S131-131-183" spec="beast.evolution.alignment.Taxon"/>
#                <taxon id="S114-114-212" spec="beast.evolution.alignment.Taxon"/>
#                <taxon id="S116-116-171" spec="beast.evolution.alignment.Taxon"/>
#                <taxon id="S128-128-186" spec="beast.evolution.alignment.Taxon"/>
#                <taxon id="S126-126-177" spec="beast.evolution.alignment.Taxon"/>
#                <taxon id="S153-153-190" spec="beast.evolution.alignment.Taxon"/>
#                <taxon id="S118-118-167" spec="beast.evolution.alignment.Taxon"/>
#                <taxon id="S152-152-222" spec="beast.evolution.alignment.Taxon"/>
#                <taxon id="S157-157-206" spec="beast.evolution.alignment.Taxon"/>
#                <taxon id="S132-132-192" spec="beast.evolution.alignment.Taxon"/>
#                <taxon id="S130-130-166" spec="beast.evolution.alignment.Taxon"/>
#                <taxon id="S146-146-187" spec="beast.evolution.alignment.Taxon"/>
#                <taxon id="S147-147-185" spec="beast.evolution.alignment.Taxon"/>
#                <taxon id="S156-156-214" spec="beast.evolution.alignment.Taxon"/>
#                <taxon id="S117-117-213" spec="beast.evolution.alignment.Taxon"/>
#                <taxon id="S148-148-211" spec="beast.evolution.alignment.Taxon"/>
#                <taxon id="S119-119-172" spec="beast.evolution.alignment.Taxon"/>
#                <taxon id="S125-125-176" spec="beast.evolution.alignment.Taxon"/>
#                <taxon id="S134-134-195" spec="beast.evolution.alignment.Taxon"/>
#                <taxon id="S123-123-180" spec="beast.evolution.alignment.Taxon"/>
#                <taxon id="S137-137-198" spec="beast.evolution.alignment.Taxon"/>
#                <taxon id="S122-122-178" spec="beast.evolution.alignment.Taxon"/>
#                <taxon id="S121-121-173" spec="beast.evolution.alignment.Taxon"/>
#                <taxon id="S141-141-201" spec="beast.evolution.alignment.Taxon"/>
#                <taxon id="S115-115-169" spec="beast.evolution.alignment.Taxon"/>
#                <taxon id="S143-143-204" spec="beast.evolution.alignment.Taxon"/>
#                <taxon id="S158-158-191" spec="beast.evolution.alignment.Taxon"/>
#            </taxonset>
#            <Normal id="Normal.151" name="distr">
#                <parameter estimate="false" id="RealParameter.300" name="mean" spec="beast.core.parameter.RealParameter">10.0</parameter>
#                <parameter estimate="false" id="RealParameter.301" name="sigma" spec="beast.core.parameter.RealParameter">0.01</parameter>
#            </Normal>
#        </distribution>
#    </distribution>
#    <distribution id="likelihood" spec="beast.core.util.CompoundDistribution" useThreads="true">
#        <distribution data="@pbd" id="treeLikelihood.pbd" spec="beast.evolution.likelihood.ThreadedTreeLikelihood" tree="@Tree.t:pbd">
#            <siteModel id="SiteModel.s:pbd" spec="beast.evolution.sitemodel.SiteModel">
#                <parameter estimate="false" id="mutationRate.s:pbd" name="mutationRate" spec="beast.core.parameter.RealParameter">1.0</parameter>
#                <parameter estimate="false" id="gammaShape.s:pbd" name="shape" spec="beast.core.parameter.RealParameter">1.0</parameter>
#                <parameter estimate="false" id="proportionInvariant.s:pbd" lower="0.0" name="proportionInvariant" spec="beast.core.parameter.RealParameter" upper="1.0">0.0</parameter>
#                <substModel id="JC69.s:pbd" spec="beast.evolution.substitutionmodel.JukesCantor"/>
#            </siteModel>
#            <branchRateModel clock.rate="@clockRate.c:pbd" id="StrictClock.c:pbd" spec="beast.evolution.branchratemodel.StrictClockModel"/>
#        </distribution>
#    </distribution>
#</input>
#
Sample	posterior	likelihood	prior	treeLikelihood.pbd	TreeHeight	YuleModel	birthRate	logP(mrca(auto_name_1))	mrca.age(auto_name_1)	clockRate
0	-169506.02907027653	-14941.01960624741	-154565.00946402914	-14941.01960624741	4.440273675478711	-15.91167780689926	1.0	-154549.09778622224	4.440273675478711	1.0
1000	-6973.052088410426	-6987.539106427852	14.487018017425662	-6987.539106427852	9.993139161769617	11.036141870759636	2.6449963460726997	3.4508761466660265	9.993139161769617	57.26568522503177
2000	-6906.432290866417	-6912.644417458045	6.212126591627625	-6912.644417458045	9.989640099576697	3.0625326227480016	2.683169122826764	3.1495939688796235	9.989640099576697	34.162649079212734
