#
#model:
#
#<?xml version="1.0" encoding="UTF-8" standalone="no"?><input id="posterior" spec="beast.core.util.CompoundDistribution">
#    <distribution id="prior" spec="beast.core.util.CompoundDistribution">
#        <distribution id="YuleModel.t:pbd_twin" spec="beast.evolution.speciation.YuleModel">
#            <parameter id="birthRate.t:pbd_twin" name="birthDiffRate" spec="beast.core.parameter.RealParameter">1.0</parameter>
#            <tree id="Tree.t:pbd_twin" spec="beast.evolution.tree.Tree">
#                <taxonset id="TaxonSet.pbd_twin" spec="beast.evolution.alignment.TaxonSet">
#                </taxonset>
#            </tree>
#        </distribution>
#        <prior id="YuleBirthRatePrior.t:pbd_twin" name="distribution" x="@birthRate.t:pbd_twin">
#            <Uniform id="Uniform.100" name="distr" upper="Infinity"/>
#        </prior>
#        <prior id="ClockPrior.c:pbd_twin" name="distribution">
#            <parameter id="clockRate.c:pbd_twin" name="x" spec="beast.core.parameter.RealParameter">1.0</parameter>
#            <Uniform id="Uniform.150" name="distr" upper="Infinity"/>
#        </prior>
#        <distribution id="auto_name_1.prior" monophyletic="true" spec="beast.math.distributions.MRCAPrior" tree="@Tree.t:pbd_twin">
#            <taxonset id="auto_name_1" spec="beast.evolution.alignment.TaxonSet">
#                <taxon id="S1-1-1" spec="beast.evolution.alignment.Taxon"/>
#                <taxon id="S50-50-50" spec="beast.evolution.alignment.Taxon"/>
#                <taxon id="S11-11-11" spec="beast.evolution.alignment.Taxon"/>
#                <taxon id="S6-6-6" spec="beast.evolution.alignment.Taxon"/>
#                <taxon id="S59-59-59" spec="beast.evolution.alignment.Taxon"/>
#                <taxon id="S3-3-3" spec="beast.evolution.alignment.Taxon"/>
#                <taxon id="S44-44-44" spec="beast.evolution.alignment.Taxon"/>
#                <taxon id="S21-21-21" spec="beast.evolution.alignment.Taxon"/>
#                <taxon id="S30-30-30" spec="beast.evolution.alignment.Taxon"/>
#                <taxon id="S39-39-39" spec="beast.evolution.alignment.Taxon"/>
#                <taxon id="S26-26-26" spec="beast.evolution.alignment.Taxon"/>
#                <taxon id="S29-29-29" spec="beast.evolution.alignment.Taxon"/>
#                <taxon id="S23-23-23" spec="beast.evolution.alignment.Taxon"/>
#                <taxon id="S9-9-9" spec="beast.evolution.alignment.Taxon"/>
#                <taxon id="S58-58-58" spec="beast.evolution.alignment.Taxon"/>
#                <taxon id="S48-48-48" spec="beast.evolution.alignment.Taxon"/>
#                <taxon id="S38-38-38" spec="beast.evolution.alignment.Taxon"/>
#                <taxon id="S51-51-51" spec="beast.evolution.alignment.Taxon"/>
#                <taxon id="S65-65-65" spec="beast.evolution.alignment.Taxon"/>
#                <taxon id="S45-45-45" spec="beast.evolution.alignment.Taxon"/>
#                <taxon id="S54-54-54" spec="beast.evolution.alignment.Taxon"/>
#                <taxon id="S19-19-19" spec="beast.evolution.alignment.Taxon"/>
#                <taxon id="S12-12-12" spec="beast.evolution.alignment.Taxon"/>
#                <taxon id="S32-32-32" spec="beast.evolution.alignment.Taxon"/>
#                <taxon id="S28-28-28" spec="beast.evolution.alignment.Taxon"/>
#                <taxon id="S66-66-66" spec="beast.evolution.alignment.Taxon"/>
#                <taxon id="S55-55-55" spec="beast.evolution.alignment.Taxon"/>
#                <taxon id="S43-43-43" spec="beast.evolution.alignment.Taxon"/>
#                <taxon id="S25-25-25" spec="beast.evolution.alignment.Taxon"/>
#                <taxon id="S20-20-20" spec="beast.evolution.alignment.Taxon"/>
#                <taxon id="S35-35-35" spec="beast.evolution.alignment.Taxon"/>
#                <taxon id="S7-7-7" spec="beast.evolution.alignment.Taxon"/>
#                <taxon id="S52-52-52" spec="beast.evolution.alignment.Taxon"/>
#                <taxon id="S5-5-5" spec="beast.evolution.alignment.Taxon"/>
#                <taxon id="S53-53-53" spec="beast.evolution.alignment.Taxon"/>
#                <taxon id="S17-17-17" spec="beast.evolution.alignment.Taxon"/>
#                <taxon id="S47-47-47" spec="beast.evolution.alignment.Taxon"/>
#                <taxon id="S2-2-2" spec="beast.evolution.alignment.Taxon"/>
#                <taxon id="S49-49-49" spec="beast.evolution.alignment.Taxon"/>
#                <taxon id="S15-15-15" spec="beast.evolution.alignment.Taxon"/>
#                <taxon id="S63-63-63" spec="beast.evolution.alignment.Taxon"/>
#                <taxon id="S31-31-31" spec="beast.evolution.alignment.Taxon"/>
#                <taxon id="S34-34-34" spec="beast.evolution.alignment.Taxon"/>
#                <taxon id="S41-41-41" spec="beast.evolution.alignment.Taxon"/>
#                <taxon id="S37-37-37" spec="beast.evolution.alignment.Taxon"/>
#                <taxon id="S24-24-24" spec="beast.evolution.alignment.Taxon"/>
#                <taxon id="S61-61-61" spec="beast.evolution.alignment.Taxon"/>
#                <taxon id="S60-60-60" spec="beast.evolution.alignment.Taxon"/>
#                <taxon id="S27-27-27" spec="beast.evolution.alignment.Taxon"/>
#                <taxon id="S4-4-4" spec="beast.evolution.alignment.Taxon"/>
#                <taxon id="S33-33-33" spec="beast.evolution.alignment.Taxon"/>
#                <taxon id="S62-62-62" spec="beast.evolution.alignment.Taxon"/>
#                <taxon id="S57-57-57" spec="beast.evolution.alignment.Taxon"/>
#                <taxon id="S46-46-46" spec="beast.evolution.alignment.Taxon"/>
#                <taxon id="S13-13-13" spec="beast.evolution.alignment.Taxon"/>
#                <taxon id="S16-16-16" spec="beast.evolution.alignment.Taxon"/>
#                <taxon id="S14-14-14" spec="beast.evolution.alignment.Taxon"/>
#                <taxon id="S56-56-56" spec="beast.evolution.alignment.Taxon"/>
#                <taxon id="S10-10-10" spec="beast.evolution.alignment.Taxon"/>
#                <taxon id="S40-40-40" spec="beast.evolution.alignment.Taxon"/>
#                <taxon id="S64-64-64" spec="beast.evolution.alignment.Taxon"/>
#                <taxon id="S42-42-42" spec="beast.evolution.alignment.Taxon"/>
#                <taxon id="S18-18-18" spec="beast.evolution.alignment.Taxon"/>
#                <taxon id="S22-22-22" spec="beast.evolution.alignment.Taxon"/>
#                <taxon id="S36-36-36" spec="beast.evolution.alignment.Taxon"/>
#                <taxon id="S8-8-8" spec="beast.evolution.alignment.Taxon"/>
#                <taxon id="S67-67-67" spec="beast.evolution.alignment.Taxon"/>
#                <taxon id="S97-97-97" spec="beast.evolution.alignment.Taxon"/>
#                <taxon id="S68-68-68" spec="beast.evolution.alignment.Taxon"/>
#                <taxon id="S84-84-84" spec="beast.evolution.alignment.Taxon"/>
#                <taxon id="S77-77-77" spec="beast.evolution.alignment.Taxon"/>
#                <taxon id="S69-69-69" spec="beast.evolution.alignment.Taxon"/>
#                <taxon id="S74-74-74" spec="beast.evolution.alignment.Taxon"/>
#                <taxon id="S79-79-79" spec="beast.evolution.alignment.Taxon"/>
#                <taxon id="S95-95-95" spec="beast.evolution.alignment.Taxon"/>
#                <taxon id="S70-70-70" spec="beast.evolution.alignment.Taxon"/>
#                <taxon id="S102-102-102" spec="beast.evolution.alignment.Taxon"/>
#                <taxon id="S103-103-103" spec="beast.evolution.alignment.Taxon"/>
#                <taxon id="S85-85-85" spec="beast.evolution.alignment.Taxon"/>
#                <taxon id="S82-82-82" spec="beast.evolution.alignment.Taxon"/>
#                <taxon id="S81-81-81" spec="beast.evolution.alignment.Taxon"/>
#                <taxon id="S72-72-72" spec="beast.evolution.alignment.Taxon"/>
#                <taxon id="S75-75-75" spec="beast.evolution.alignment.Taxon"/>
#                <taxon id="S80-80-80" spec="beast.evolution.alignment.Taxon"/>
#                <taxon id="S101-101-101" spec="beast.evolution.alignment.Taxon"/>
#                <taxon id="S88-88-88" spec="beast.evolution.alignment.Taxon"/>
#                <taxon id="S71-71-71" spec="beast.evolution.alignment.Taxon"/>
#                <taxon id="S78-78-78" spec="beast.evolution.alignment.Taxon"/>
#                <taxon id="S98-98-98" spec="beast.evolution.alignment.Taxon"/>
#                <taxon id="S90-90-90" spec="beast.evolution.alignment.Taxon"/>
#                <taxon id="S100-100-100" spec="beast.evolution.alignment.Taxon"/>
#                <taxon id="S93-93-93" spec="beast.evolution.alignment.Taxon"/>
#                <taxon id="S99-99-99" spec="beast.evolution.alignment.Taxon"/>
#                <taxon id="S86-86-86" spec="beast.evolution.alignment.Taxon"/>
#                <taxon id="S76-76-76" spec="beast.evolution.alignment.Taxon"/>
#                <taxon id="S73-73-73" spec="beast.evolution.alignment.Taxon"/>
#                <taxon id="S89-89-89" spec="beast.evolution.alignment.Taxon"/>
#                <taxon id="S94-94-94" spec="beast.evolution.alignment.Taxon"/>
#                <taxon id="S91-91-91" spec="beast.evolution.alignment.Taxon"/>
#                <taxon id="S83-83-83" spec="beast.evolution.alignment.Taxon"/>
#                <taxon id="S87-87-87" spec="beast.evolution.alignment.Taxon"/>
#                <taxon id="S96-96-96" spec="beast.evolution.alignment.Taxon"/>
#                <taxon id="S92-92-92" spec="beast.evolution.alignment.Taxon"/>
#            </taxonset>
#            <Normal id="Normal.151" name="distr">
#                <parameter estimate="false" id="RealParameter.300" name="mean" spec="beast.core.parameter.RealParameter">10.0</parameter>
#                <parameter estimate="false" id="RealParameter.301" name="sigma" spec="beast.core.parameter.RealParameter">0.01</parameter>
#            </Normal>
#        </distribution>
#    </distribution>
#    <distribution id="likelihood" spec="beast.core.util.CompoundDistribution" useThreads="true">
#        <distribution data="@pbd_twin" id="treeLikelihood.pbd_twin" spec="beast.evolution.likelihood.ThreadedTreeLikelihood" tree="@Tree.t:pbd_twin">
#            <siteModel id="SiteModel.s:pbd_twin" spec="beast.evolution.sitemodel.SiteModel">
#                <parameter estimate="false" id="mutationRate.s:pbd_twin" name="mutationRate" spec="beast.core.parameter.RealParameter">1.0</parameter>
#                <parameter estimate="false" id="gammaShape.s:pbd_twin" name="shape" spec="beast.core.parameter.RealParameter">1.0</parameter>
#                <parameter estimate="false" id="proportionInvariant.s:pbd_twin" lower="0.0" name="proportionInvariant" spec="beast.core.parameter.RealParameter" upper="1.0">0.0</parameter>
#                <substModel id="JC69.s:pbd_twin" spec="beast.evolution.substitutionmodel.JukesCantor"/>
#            </siteModel>
#            <branchRateModel clock.rate="@clockRate.c:pbd_twin" id="StrictClock.c:pbd_twin" spec="beast.evolution.branchratemodel.StrictClockModel"/>
#        </distribution>
#    </distribution>
#</input>
#
Sample	posterior	likelihood	prior	treeLikelihood.pbd_twin	TreeHeight	YuleModel	birthRate	logP(mrca(auto_name_1))	mrca.age(auto_name_1)	clockRate
0	-252078.37183474514	-8205.376699289047	-243872.9951354561	-8205.376699289047	3.0162524157215165	-13.029762531063195	1.0	-243859.965372925	3.0162524157215165	1.0
1000	-4065.32613873187	-4028.15491247236	-37.17122625950963	-4028.15491247236	9.988941223075116	-40.24597517692134	1.6287365404297844	3.0747489174117097	9.988941223075116	4.390719779095547
2000	-3706.9559613670754	-3665.201573603189	-41.754387763886285	-3665.201573603189	9.988941223075116	-44.829136681297996	1.6019229678930713	3.0747489174117097	9.988941223075116	2.5384050590321525
