#
#model:
#
#<?xml version="1.0" encoding="UTF-8" standalone="no"?><input id="posterior" spec="beast.core.util.CompoundDistribution">
#    <distribution id="prior" spec="beast.core.util.CompoundDistribution">
#        <distribution id="BirthDeath.t:pbd" spec="beast.evolution.speciation.BirthDeathGernhard08Model">
#            <parameter id="BDDeathRate.t:pbd" lower="0.0" name="relativeDeathRate" spec="beast.core.parameter.RealParameter" upper="1.0">0.5</parameter>
#            <parameter id="BDBirthRate.t:pbd" lower="0.0" name="birthDiffRate" spec="beast.core.parameter.RealParameter" upper="10000.0">1.0</parameter>
#            <tree id="Tree.t:pbd" spec="beast.evolution.tree.Tree">
#                <taxonset id="TaxonSet.pbd" spec="beast.evolution.alignment.TaxonSet">
#                </taxonset>
#            </tree>
#        </distribution>
#        <prior id="BirthRatePrior.t:pbd" name="distribution" x="@BDBirthRate.t:pbd">
#            <Uniform id="Uniform.100" name="distr" upper="Infinity"/>
#        </prior>
#        <prior id="DeathRatePrior.t:pbd" name="distribution" x="@BDDeathRate.t:pbd">
#            <Uniform id="Uniform.101" name="distr" upper="Infinity"/>
#        </prior>
#        <prior id="ClockPrior.c:pbd" name="distribution">
#            <parameter id="clockRate.c:pbd" name="x" spec="beast.core.parameter.RealParameter">1.0</parameter>
#            <Uniform id="Uniform.150" name="distr" upper="Infinity"/>
#        </prior>
#        <distribution id="auto_name_1.prior" monophyletic="true" spec="beast.math.distributions.MRCAPrior" tree="@Tree.t:pbd">
#            <taxonset id="auto_name_1" spec="beast.evolution.alignment.TaxonSet">
#                <taxon id="S1-1-9" spec="beast.evolution.alignment.Taxon"/>
#                <taxon id="S2-2-11" spec="beast.evolution.alignment.Taxon"/>
#                <taxon id="S5-5-14" spec="beast.evolution.alignment.Taxon"/>
#                <taxon id="S6-6-17" spec="beast.evolution.alignment.Taxon"/>
#                <taxon id="S4-4-16" spec="beast.evolution.alignment.Taxon"/>
#            </taxonset>
#            <Normal id="Normal.151" name="distr">
#                <parameter estimate="false" id="RealParameter.300" name="mean" spec="beast.core.parameter.RealParameter">10.0</parameter>
#                <parameter estimate="false" id="RealParameter.301" name="sigma" spec="beast.core.parameter.RealParameter">0.01</parameter>
#            </Normal>
#        </distribution>
#    </distribution>
#    <distribution id="likelihood" spec="beast.core.util.CompoundDistribution" useThreads="true">
#        <distribution data="@pbd" id="treeLikelihood.pbd" spec="beast.evolution.likelihood.ThreadedTreeLikelihood" tree="@Tree.t:pbd">
#            <siteModel id="SiteModel.s:pbd" spec="beast.evolution.sitemodel.SiteModel">
#                <parameter estimate="false" id="mutationRate.s:pbd" name="mutationRate" spec="beast.core.parameter.RealParameter">1.0</parameter>
#                <parameter estimate="false" id="gammaShape.s:pbd" name="shape" spec="beast.core.parameter.RealParameter">1.0</parameter>
#                <parameter estimate="false" id="proportionInvariant.s:pbd" lower="0.0" name="proportionInvariant" spec="beast.core.parameter.RealParameter" upper="1.0">0.0</parameter>
#                <substModel id="JC69.s:pbd" spec="beast.evolution.substitutionmodel.JukesCantor"/>
#            </siteModel>
#            <branchRateModel clock.rate="@clockRate.c:pbd" id="StrictClock.c:pbd" spec="beast.evolution.branchratemodel.StrictClockModel"/>
#        </distribution>
#    </distribution>
#</input>
#
Sample	posterior	likelihood	prior	treeLikelihood.pbd	TreeHeight	BirthDeath	BDBirthRate	BDDeathRate	logP(mrca(auto_name_1))	mrca.age(auto_name_1)	clockRate
0	-446017.5471325671	-275.2820552058049	-445742.2650773613	-275.2820552058049	0.5581215830167359	-0.6111035420772317	1.0	0.5	-445741.6539738192	0.5581215830167359	1.0
1000	-229.84113453486464	-220.67341850818326	-9.167716026681374	-220.67341850818326	10.000102156766424	-12.853895499440162	0.18764776324671698	0.47876662306273066	3.6861794727587878	10.000102156766424	0.716087347523085
2000	-228.38064792685714	-220.1839347337406	-8.196713193116508	-220.1839347337406	9.997979192572748	-11.862526532609742	0.13311598283526613	0.5264606682572571	3.6658133394932326	9.997979192572748	0.6354217261882937
