#
#model:
#
#<?xml version="1.0" encoding="UTF-8" standalone="no"?><input id="posterior" spec="beast.core.util.CompoundDistribution">
#    <distribution id="prior" spec="beast.core.util.CompoundDistribution">
#        <distribution id="YuleModel.t:pbd_twin" spec="beast.evolution.speciation.YuleModel">
#            <parameter id="birthRate.t:pbd_twin" name="birthDiffRate" spec="beast.core.parameter.RealParameter">1.0</parameter>
#            <tree id="Tree.t:pbd_twin" spec="beast.evolution.tree.Tree">
#                <taxonset id="TaxonSet.pbd_twin" spec="beast.evolution.alignment.TaxonSet">
#                </taxonset>
#            </tree>
#        </distribution>
#        <prior id="YuleBirthRatePrior.t:pbd_twin" name="distribution" x="@birthRate.t:pbd_twin">
#            <Uniform id="Uniform.100" name="distr" upper="Infinity"/>
#        </prior>
#        <prior id="ClockPrior.c:pbd_twin" name="distribution">
#            <parameter id="clockRate.c:pbd_twin" name="x" spec="beast.core.parameter.RealParameter">1.0</parameter>
#            <Uniform id="Uniform.150" name="distr" upper="Infinity"/>
#        </prior>
#        <distribution id="auto_name_1.prior" monophyletic="true" spec="beast.math.distributions.MRCAPrior" tree="@Tree.t:pbd_twin">
#            <taxonset id="auto_name_1" spec="beast.evolution.alignment.TaxonSet">
#                <taxon id="S1-1-1" spec="beast.evolution.alignment.Taxon"/>
#                <taxon id="S3-3-4" spec="beast.evolution.alignment.Taxon"/>
#                <taxon id="S2-2-2" spec="beast.evolution.alignment.Taxon"/>
#                <taxon id="S4-4-12" spec="beast.evolution.alignment.Taxon"/>
#            </taxonset>
#            <Normal id="Normal.151" name="distr">
#                <parameter estimate="false" id="RealParameter.300" name="mean" spec="beast.core.parameter.RealParameter">10.0</parameter>
#                <parameter estimate="false" id="RealParameter.301" name="sigma" spec="beast.core.parameter.RealParameter">0.01</parameter>
#            </Normal>
#        </distribution>
#    </distribution>
#    <distribution id="likelihood" spec="beast.core.util.CompoundDistribution" useThreads="true">
#        <distribution data="@pbd_twin" id="treeLikelihood.pbd_twin" spec="beast.evolution.likelihood.ThreadedTreeLikelihood" tree="@Tree.t:pbd_twin">
#            <siteModel id="SiteModel.s:pbd_twin" spec="beast.evolution.sitemodel.SiteModel">
#                <parameter estimate="false" id="mutationRate.s:pbd_twin" name="mutationRate" spec="beast.core.parameter.RealParameter">1.0</parameter>
#                <parameter estimate="false" id="gammaShape.s:pbd_twin" name="shape" spec="beast.core.parameter.RealParameter">1.0</parameter>
#                <parameter estimate="false" id="proportionInvariant.s:pbd_twin" lower="0.0" name="proportionInvariant" spec="beast.core.parameter.RealParameter" upper="1.0">0.0</parameter>
#                <substModel id="JC69.s:pbd_twin" spec="beast.evolution.substitutionmodel.JukesCantor"/>
#            </siteModel>
#            <branchRateModel clock.rate="@clockRate.c:pbd_twin" id="StrictClock.c:pbd_twin" spec="beast.evolution.branchratemodel.StrictClockModel"/>
#        </distribution>
#    </distribution>
#</input>
#
Sample	posterior	likelihood	prior	treeLikelihood.pbd_twin	TreeHeight	YuleModel	birthRate	logP(mrca(auto_name_1))	mrca.age(auto_name_1)	clockRate
0	-450218.8577841385	-207.42669159126552	-450011.43109254725	-207.42669159126552	0.513021131999247	-1.2771147357726966	1.0	-450010.15397781145	0.513021131999247	1.0
1000	-187.25260409298835	-177.4470451899407	-9.80555890304765	-177.4470451899407	9.999005681628686	-13.48684721071341	0.36805761471648124	3.681288307665759	9.999005681628686	0.8016444211528713
2000	-185.51571913648175	-177.38627509192935	-8.12944404455239	-177.38627509192935	9.999005681628686	-11.81073235221815	0.4093306552550076	3.681288307665759	9.999005681628686	1.8195987693676796
